Determining if the pthread_create exist failed with the following output:
Change Dir: /home/jianwei/code/SLAM/loop_closure/cmake-build-debug/CMakeFiles/CMakeTmp

Run Build Command:"/usr/bin/make" "cmTC_f2974/fast"
/usr/bin/make -f CMakeFiles/cmTC_f2974.dir/build.make CMakeFiles/cmTC_f2974.dir/build
make[1]: Entering directory '/home/jianwei/code/SLAM/loop_closure/cmake-build-debug/CMakeFiles/CMakeTmp'
Building C object CMakeFiles/cmTC_f2974.dir/CheckSymbolExists.c.o
/usr/bin/cc    -o CMakeFiles/cmTC_f2974.dir/CheckSymbolExists.c.o   -c /home/jianwei/code/SLAM/loop_closure/cmake-build-debug/CMakeFiles/CMakeTmp/CheckSymbolExists.c
Linking C executable cmTC_f2974
/home/jianwei/software/clion-2017.3/bin/cmake/bin/cmake -E cmake_link_script CMakeFiles/cmTC_f2974.dir/link.txt --verbose=1
/usr/bin/cc      CMakeFiles/cmTC_f2974.dir/CheckSymbolExists.c.o  -o cmTC_f2974 
CMakeFiles/cmTC_f2974.dir/CheckSymbolExists.c.o: In function `main':
CheckSymbolExists.c:(.text+0x16): undefined reference to `pthread_create'
collect2: error: ld returned 1 exit status
CMakeFiles/cmTC_f2974.dir/build.make:97: recipe for target 'cmTC_f2974' failed
make[1]: *** [cmTC_f2974] Error 1
make[1]: Leaving directory '/home/jianwei/code/SLAM/loop_closure/cmake-build-debug/CMakeFiles/CMakeTmp'
Makefile:126: recipe for target 'cmTC_f2974/fast' failed
make: *** [cmTC_f2974/fast] Error 2

File /home/jianwei/code/SLAM/loop_closure/cmake-build-debug/CMakeFiles/CMakeTmp/CheckSymbolExists.c:
/* */
#include <pthread.h>

int main(int argc, char** argv)
{
  (void)argv;
#ifndef pthread_create
  return ((int*)(&pthread_create))[argc];
#else
  (void)argc;
  return 0;
#endif
}

Determining if the function pthread_create exists in the pthreads failed with the following output:
Change Dir: /home/jianwei/code/SLAM/loop_closure/cmake-build-debug/CMakeFiles/CMakeTmp

Run Build Command:"/usr/bin/make" "cmTC_8031b/fast"
/usr/bin/make -f CMakeFiles/cmTC_8031b.dir/build.make CMakeFiles/cmTC_8031b.dir/build
make[1]: Entering directory '/home/jianwei/code/SLAM/loop_closure/cmake-build-debug/CMakeFiles/CMakeTmp'
Building C object CMakeFiles/cmTC_8031b.dir/CheckFunctionExists.c.o
/usr/bin/cc   -DCHECK_FUNCTION_EXISTS=pthread_create   -o CMakeFiles/cmTC_8031b.dir/CheckFunctionExists.c.o   -c /home/jianwei/software/clion-2017.3/bin/cmake/share/cmake-3.9/Modules/CheckFunctionExists.c
Linking C executable cmTC_8031b
/home/jianwei/software/clion-2017.3/bin/cmake/bin/cmake -E cmake_link_script CMakeFiles/cmTC_8031b.dir/link.txt --verbose=1
/usr/bin/cc  -DCHECK_FUNCTION_EXISTS=pthread_create    CMakeFiles/cmTC_8031b.dir/CheckFunctionExists.c.o  -o cmTC_8031b -lpthreads 
/usr/bin/ld: cannot find -lpthreads
collect2: error: ld returned 1 exit status
CMakeFiles/cmTC_8031b.dir/build.make:97: recipe for target 'cmTC_8031b' failed
make[1]: *** [cmTC_8031b] Error 1
make[1]: Leaving directory '/home/jianwei/code/SLAM/loop_closure/cmake-build-debug/CMakeFiles/CMakeTmp'
Makefile:126: recipe for target 'cmTC_8031b/fast' failed
make: *** [cmTC_8031b/fast] Error 2


